<?xml version="1.0" encoding="UTF-8"?>
<testng-results ignored="0" total="1" passed="1" failed="0" skipped="0">
  <reporter-output>
  </reporter-output>
  <suite started-at="2021-06-06T17:05:34 IST" name="Default suite" finished-at="2021-06-06T17:06:42 IST" duration-ms="68118">
    <groups>
    </groups>
    <test started-at="2021-06-06T17:05:34 IST" name="Default test" finished-at="2021-06-06T17:06:42 IST" duration-ms="68118">
      <class name="NewTest">
        <test-method is-config="true" signature="Open_Browser()[pri:0, instance:NewTest@1b6e1eff]" started-at="2021-06-06T17:05:34 IST" name="Open_Browser" finished-at="2021-06-06T17:05:43 IST" duration-ms="9108" status="PASS">
          <reporter-output>
          </reporter-output>
        </test-method> <!-- Open_Browser -->
        <test-method is-config="true" signature="Setup()[pri:0, instance:NewTest@1b6e1eff]" started-at="2021-06-06T17:05:43 IST" name="Setup" finished-at="2021-06-06T17:05:43 IST" duration-ms="89" status="PASS">
          <reporter-output>
          </reporter-output>
        </test-method> <!-- Setup -->
        <test-method signature="Test_1()[pri:0, instance:NewTest@1b6e1eff]" started-at="2021-06-06T17:05:43 IST" name="Test_1" finished-at="2021-06-06T17:06:42 IST" duration-ms="58848" status="PASS">
          <reporter-output>
          </reporter-output>
        </test-method> <!-- Test_1 -->
      </class> <!-- NewTest -->
    </test> <!-- Default test -->
  </suite> <!-- Default suite -->
</testng-results>
